2023-08-05 23:56:31.659  INFO 8600 --- [restartedMain] dev.antozy.questapp.QuestappApplication  : Starting QuestappApplication using Java 11.0.15 on DESKTOP-EI17T5M with PID 8600 (D:\PERSONAL\quest-app\quest-app-backend\target\classes started by oguzhanihlamur in D:\PERSONAL\quest-app\quest-app-backend)
2023-08-05 23:56:31.661  INFO 8600 --- [restartedMain] dev.antozy.questapp.QuestappApplication  : No active profile set, falling back to default profiles: default
2023-08-05 23:56:31.701  INFO 8600 --- [restartedMain] .e.DevToolsPropertyDefaultsPostProcessor : Devtools property defaults active! Set 'spring.devtools.add-properties' to 'false' to disable
2023-08-05 23:56:31.702  INFO 8600 --- [restartedMain] .e.DevToolsPropertyDefaultsPostProcessor : For additional web related logging consider setting the 'logging.level.web' property to 'DEBUG'
2023-08-05 23:56:32.388  INFO 8600 --- [restartedMain] .s.d.r.c.RepositoryConfigurationDelegate : Bootstrapping Spring Data JPA repositories in DEFAULT mode.
2023-08-05 23:56:32.474  INFO 8600 --- [restartedMain] .s.d.r.c.RepositoryConfigurationDelegate : Finished Spring Data repository scanning in 76 ms. Found 4 JPA repository interfaces.
2023-08-05 23:56:33.079  INFO 8600 --- [restartedMain] o.s.b.w.embedded.tomcat.TomcatWebServer  : Tomcat initialized with port(s): 8080 (http)
2023-08-05 23:56:33.102  INFO 8600 --- [restartedMain] o.apache.catalina.core.StandardService   : Starting service [Tomcat]
2023-08-05 23:56:33.102  INFO 8600 --- [restartedMain] org.apache.catalina.core.StandardEngine  : Starting Servlet engine: [Apache Tomcat/9.0.48]
2023-08-05 23:56:33.200  INFO 8600 --- [restartedMain] o.a.c.c.C.[.[localhost].[/quest-app]     : Initializing Spring embedded WebApplicationContext
2023-08-05 23:56:33.200  INFO 8600 --- [restartedMain] w.s.c.ServletWebServerApplicationContext : Root WebApplicationContext: initialization completed in 1497 ms
2023-08-05 23:56:33.376  INFO 8600 --- [restartedMain] o.hibernate.jpa.internal.util.LogHelper  : HHH000204: Processing PersistenceUnitInfo [name: default]
2023-08-05 23:56:33.415  INFO 8600 --- [restartedMain] org.hibernate.Version                    : HHH000412: Hibernate ORM core version 5.4.32.Final
2023-08-05 23:56:33.502  INFO 8600 --- [restartedMain] o.hibernate.annotations.common.Version   : HCANN000001: Hibernate Commons Annotations {5.1.2.Final}
2023-08-05 23:56:33.574  INFO 8600 --- [restartedMain] com.zaxxer.hikari.HikariDataSource       : HikariPool-1 - Starting...
2023-08-05 23:56:33.677  INFO 8600 --- [restartedMain] com.zaxxer.hikari.HikariDataSource       : HikariPool-1 - Start completed.
2023-08-05 23:56:33.688  INFO 8600 --- [restartedMain] org.hibernate.dialect.Dialect            : HHH000400: Using dialect: org.hibernate.dialect.PostgreSQLDialect
2023-08-05 23:56:34.318  INFO 8600 --- [restartedMain] o.h.e.t.j.p.i.JtaPlatformInitiator       : HHH000490: Using JtaPlatform implementation: [org.hibernate.engine.transaction.jta.platform.internal.NoJtaPlatform]
2023-08-05 23:56:34.327  INFO 8600 --- [restartedMain] j.LocalContainerEntityManagerFactoryBean : Initialized JPA EntityManagerFactory for persistence unit 'default'
2023-08-05 23:56:34.968  INFO 8600 --- [restartedMain] o.s.s.web.DefaultSecurityFilterChain     : Will secure any request with [org.springframework.security.web.context.request.async.WebAsyncManagerIntegrationFilter@30bf5f6a, org.springframework.security.web.context.SecurityContextPersistenceFilter@6d3c3a3c, org.springframework.security.web.header.HeaderWriterFilter@2acdf1a9, org.springframework.web.filter.CorsFilter@55bd8d7b, org.springframework.security.web.authentication.logout.LogoutFilter@15faecba, dev.antozy.questapp.security.JwtAuthenticationFilter@23a55bdc, org.springframework.security.web.savedrequest.RequestCacheAwareFilter@4de8fbc9, org.springframework.security.web.servletapi.SecurityContextHolderAwareRequestFilter@4ad9c301, org.springframework.security.web.authentication.AnonymousAuthenticationFilter@389a012c, org.springframework.security.web.session.SessionManagementFilter@1a76b93a, org.springframework.security.web.access.ExceptionTranslationFilter@73e09dcc, org.springframework.security.web.access.intercept.FilterSecurityInterceptor@616bb69]
2023-08-05 23:56:35.087  WARN 8600 --- [restartedMain] JpaBaseConfiguration$JpaWebConfiguration : spring.jpa.open-in-view is enabled by default. Therefore, database queries may be performed during view rendering. Explicitly configure spring.jpa.open-in-view to disable this warning
2023-08-05 23:56:35.405  INFO 8600 --- [restartedMain] o.s.b.d.a.OptionalLiveReloadServer       : LiveReload server is running on port 35729
2023-08-05 23:56:35.440  INFO 8600 --- [restartedMain] o.s.b.w.embedded.tomcat.TomcatWebServer  : Tomcat started on port(s): 8080 (http) with context path '/quest-app'
2023-08-05 23:56:35.451  INFO 8600 --- [restartedMain] dev.antozy.questapp.QuestappApplication  : Started QuestappApplication in 4.275 seconds (JVM running for 6.235)
2023-08-05 23:56:35.454  INFO 8600 --- [restartedMain] dev.antozy.questapp.QuestappApplication  : QuestApp Application is finished.
2023-08-05 23:56:51.047  INFO 8600 --- [http-nio-8080-exec-1] o.a.c.c.C.[.[localhost].[/quest-app]     : Initializing Spring DispatcherServlet 'dispatcherServlet'
2023-08-05 23:56:51.049  INFO 8600 --- [http-nio-8080-exec-1] o.s.web.servlet.DispatcherServlet        : Initializing Servlet 'dispatcherServlet'
2023-08-05 23:56:51.051  INFO 8600 --- [http-nio-8080-exec-1] o.s.web.servlet.DispatcherServlet        : Completed initialization in 2 ms
2023-08-05 23:57:26.496  WARN 8600 --- [HikariPool-1 housekeeper] com.zaxxer.hikari.pool.HikariPool        : HikariPool-1 - Thread starvation or clock leap detected (housekeeper delta=52s716ms550µs100ns).
2023-08-05 23:57:26.937  INFO 8600 --- [SpringApplicationShutdownHook] j.LocalContainerEntityManagerFactoryBean : Closing JPA EntityManagerFactory for persistence unit 'default'
2023-08-05 23:57:26.941  INFO 8600 --- [SpringApplicationShutdownHook] com.zaxxer.hikari.HikariDataSource       : HikariPool-1 - Shutdown initiated...
2023-08-05 23:57:26.950  INFO 8600 --- [SpringApplicationShutdownHook] com.zaxxer.hikari.HikariDataSource       : HikariPool-1 - Shutdown completed.
2023-08-05 23:57:36.836  INFO 13480 --- [restartedMain] dev.antozy.questapp.QuestappApplication  : Starting QuestappApplication using Java 11.0.15 on DESKTOP-EI17T5M with PID 13480 (D:\PERSONAL\quest-app\quest-app-backend\target\classes started by oguzhanihlamur in D:\PERSONAL\quest-app\quest-app-backend)
2023-08-05 23:57:36.837  INFO 13480 --- [restartedMain] dev.antozy.questapp.QuestappApplication  : No active profile set, falling back to default profiles: default
2023-08-05 23:57:36.899  INFO 13480 --- [restartedMain] .e.DevToolsPropertyDefaultsPostProcessor : Devtools property defaults active! Set 'spring.devtools.add-properties' to 'false' to disable
2023-08-05 23:57:36.899  INFO 13480 --- [restartedMain] .e.DevToolsPropertyDefaultsPostProcessor : For additional web related logging consider setting the 'logging.level.web' property to 'DEBUG'
2023-08-05 23:57:37.675  INFO 13480 --- [restartedMain] .s.d.r.c.RepositoryConfigurationDelegate : Bootstrapping Spring Data JPA repositories in DEFAULT mode.
2023-08-05 23:57:37.746  INFO 13480 --- [restartedMain] .s.d.r.c.RepositoryConfigurationDelegate : Finished Spring Data repository scanning in 63 ms. Found 4 JPA repository interfaces.
2023-08-05 23:57:38.357  INFO 13480 --- [restartedMain] o.s.b.w.embedded.tomcat.TomcatWebServer  : Tomcat initialized with port(s): 8080 (http)
2023-08-05 23:57:38.366  INFO 13480 --- [restartedMain] o.apache.catalina.core.StandardService   : Starting service [Tomcat]
2023-08-05 23:57:38.366  INFO 13480 --- [restartedMain] org.apache.catalina.core.StandardEngine  : Starting Servlet engine: [Apache Tomcat/9.0.48]
2023-08-05 23:57:38.481  INFO 13480 --- [restartedMain] o.a.c.c.C.[.[localhost].[/quest-app]     : Initializing Spring embedded WebApplicationContext
2023-08-05 23:57:38.482  INFO 13480 --- [restartedMain] w.s.c.ServletWebServerApplicationContext : Root WebApplicationContext: initialization completed in 1581 ms
2023-08-05 23:57:38.749  INFO 13480 --- [restartedMain] o.hibernate.jpa.internal.util.LogHelper  : HHH000204: Processing PersistenceUnitInfo [name: default]
2023-08-05 23:57:38.791  INFO 13480 --- [restartedMain] org.hibernate.Version                    : HHH000412: Hibernate ORM core version 5.4.32.Final
2023-08-05 23:57:38.900  INFO 13480 --- [restartedMain] o.hibernate.annotations.common.Version   : HCANN000001: Hibernate Commons Annotations {5.1.2.Final}
2023-08-05 23:57:39.000  INFO 13480 --- [restartedMain] com.zaxxer.hikari.HikariDataSource       : HikariPool-1 - Starting...
2023-08-05 23:57:39.125  INFO 13480 --- [restartedMain] com.zaxxer.hikari.HikariDataSource       : HikariPool-1 - Start completed.
2023-08-05 23:57:39.138  INFO 13480 --- [restartedMain] org.hibernate.dialect.Dialect            : HHH000400: Using dialect: org.hibernate.dialect.PostgreSQLDialect
2023-08-05 23:57:39.964  INFO 13480 --- [restartedMain] o.h.e.t.j.p.i.JtaPlatformInitiator       : HHH000490: Using JtaPlatform implementation: [org.hibernate.engine.transaction.jta.platform.internal.NoJtaPlatform]
2023-08-05 23:57:39.976  INFO 13480 --- [restartedMain] j.LocalContainerEntityManagerFactoryBean : Initialized JPA EntityManagerFactory for persistence unit 'default'
2023-08-05 23:57:40.794  INFO 13480 --- [restartedMain] o.s.s.web.DefaultSecurityFilterChain     : Will secure any request with [org.springframework.security.web.context.request.async.WebAsyncManagerIntegrationFilter@4ae9a857, org.springframework.security.web.context.SecurityContextPersistenceFilter@5b080ce4, org.springframework.security.web.header.HeaderWriterFilter@2583acf4, org.springframework.web.filter.CorsFilter@55694257, org.springframework.security.web.authentication.logout.LogoutFilter@3b3b0469, dev.antozy.questapp.security.JwtAuthenticationFilter@18fdd691, org.springframework.security.web.savedrequest.RequestCacheAwareFilter@42cb8be5, org.springframework.security.web.servletapi.SecurityContextHolderAwareRequestFilter@2edec3d9, org.springframework.security.web.authentication.AnonymousAuthenticationFilter@206abcf1, org.springframework.security.web.session.SessionManagementFilter@76d73464, org.springframework.security.web.access.ExceptionTranslationFilter@5cdfe99e, org.springframework.security.web.access.intercept.FilterSecurityInterceptor@65e6f50a]
2023-08-05 23:57:40.872  WARN 13480 --- [restartedMain] JpaBaseConfiguration$JpaWebConfiguration : spring.jpa.open-in-view is enabled by default. Therefore, database queries may be performed during view rendering. Explicitly configure spring.jpa.open-in-view to disable this warning
2023-08-05 23:57:41.260  INFO 13480 --- [restartedMain] o.s.b.d.a.OptionalLiveReloadServer       : LiveReload server is running on port 35729
2023-08-05 23:57:41.352  INFO 13480 --- [restartedMain] o.s.b.w.embedded.tomcat.TomcatWebServer  : Tomcat started on port(s): 8080 (http) with context path '/quest-app'
2023-08-05 23:57:41.373  INFO 13480 --- [restartedMain] dev.antozy.questapp.QuestappApplication  : Started QuestappApplication in 4.975 seconds (JVM running for 6.214)
2023-08-05 23:57:41.377  INFO 13480 --- [restartedMain] dev.antozy.questapp.QuestappApplication  : QuestApp Application is finished.
2023-08-05 23:57:53.852  INFO 13480 --- [http-nio-8080-exec-1] o.a.c.c.C.[.[localhost].[/quest-app]     : Initializing Spring DispatcherServlet 'dispatcherServlet'
2023-08-05 23:57:53.854  INFO 13480 --- [http-nio-8080-exec-1] o.s.web.servlet.DispatcherServlet        : Initializing Servlet 'dispatcherServlet'
2023-08-05 23:57:53.856  INFO 13480 --- [http-nio-8080-exec-1] o.s.web.servlet.DispatcherServlet        : Completed initialization in 1 ms
2023-08-05 23:58:10.978  INFO 13480 --- [SpringApplicationShutdownHook] j.LocalContainerEntityManagerFactoryBean : Closing JPA EntityManagerFactory for persistence unit 'default'
2023-08-05 23:58:10.984  INFO 13480 --- [SpringApplicationShutdownHook] com.zaxxer.hikari.HikariDataSource       : HikariPool-1 - Shutdown initiated...
2023-08-05 23:58:10.998  INFO 13480 --- [SpringApplicationShutdownHook] com.zaxxer.hikari.HikariDataSource       : HikariPool-1 - Shutdown completed.
2023-08-05 23:58:17.185  INFO 14756 --- [restartedMain] dev.antozy.questapp.QuestappApplication  : Starting QuestappApplication using Java 11.0.15 on DESKTOP-EI17T5M with PID 14756 (D:\PERSONAL\quest-app\quest-app-backend\target\classes started by oguzhanihlamur in D:\PERSONAL\quest-app\quest-app-backend)
2023-08-05 23:58:17.186  INFO 14756 --- [restartedMain] dev.antozy.questapp.QuestappApplication  : No active profile set, falling back to default profiles: default
2023-08-05 23:58:17.241  INFO 14756 --- [restartedMain] .e.DevToolsPropertyDefaultsPostProcessor : Devtools property defaults active! Set 'spring.devtools.add-properties' to 'false' to disable
2023-08-05 23:58:17.241  INFO 14756 --- [restartedMain] .e.DevToolsPropertyDefaultsPostProcessor : For additional web related logging consider setting the 'logging.level.web' property to 'DEBUG'
2023-08-05 23:58:18.225  INFO 14756 --- [restartedMain] .s.d.r.c.RepositoryConfigurationDelegate : Bootstrapping Spring Data JPA repositories in DEFAULT mode.
2023-08-05 23:58:18.294  INFO 14756 --- [restartedMain] .s.d.r.c.RepositoryConfigurationDelegate : Finished Spring Data repository scanning in 62 ms. Found 4 JPA repository interfaces.
2023-08-05 23:58:18.950  INFO 14756 --- [restartedMain] o.s.b.w.embedded.tomcat.TomcatWebServer  : Tomcat initialized with port(s): 8080 (http)
2023-08-05 23:58:18.961  INFO 14756 --- [restartedMain] o.apache.catalina.core.StandardService   : Starting service [Tomcat]
2023-08-05 23:58:18.961  INFO 14756 --- [restartedMain] org.apache.catalina.core.StandardEngine  : Starting Servlet engine: [Apache Tomcat/9.0.48]
2023-08-05 23:58:19.050  INFO 14756 --- [restartedMain] o.a.c.c.C.[.[localhost].[/quest-app]     : Initializing Spring embedded WebApplicationContext
2023-08-05 23:58:19.051  INFO 14756 --- [restartedMain] w.s.c.ServletWebServerApplicationContext : Root WebApplicationContext: initialization completed in 1809 ms
2023-08-05 23:58:19.244  INFO 14756 --- [restartedMain] o.hibernate.jpa.internal.util.LogHelper  : HHH000204: Processing PersistenceUnitInfo [name: default]
2023-08-05 23:58:19.288  INFO 14756 --- [restartedMain] org.hibernate.Version                    : HHH000412: Hibernate ORM core version 5.4.32.Final
2023-08-05 23:58:19.418  INFO 14756 --- [restartedMain] o.hibernate.annotations.common.Version   : HCANN000001: Hibernate Commons Annotations {5.1.2.Final}
2023-08-05 23:58:19.530  INFO 14756 --- [restartedMain] com.zaxxer.hikari.HikariDataSource       : HikariPool-1 - Starting...
2023-08-05 23:58:19.746  INFO 14756 --- [restartedMain] com.zaxxer.hikari.HikariDataSource       : HikariPool-1 - Start completed.
2023-08-05 23:58:19.766  INFO 14756 --- [restartedMain] org.hibernate.dialect.Dialect            : HHH000400: Using dialect: org.hibernate.dialect.PostgreSQLDialect
2023-08-05 23:58:20.461  INFO 14756 --- [restartedMain] o.h.e.t.j.p.i.JtaPlatformInitiator       : HHH000490: Using JtaPlatform implementation: [org.hibernate.engine.transaction.jta.platform.internal.NoJtaPlatform]
2023-08-05 23:58:20.472  INFO 14756 --- [restartedMain] j.LocalContainerEntityManagerFactoryBean : Initialized JPA EntityManagerFactory for persistence unit 'default'
2023-08-05 23:58:21.070  INFO 14756 --- [restartedMain] o.s.s.web.DefaultSecurityFilterChain     : Will secure any request with [org.springframework.security.web.context.request.async.WebAsyncManagerIntegrationFilter@48c7e127, org.springframework.security.web.context.SecurityContextPersistenceFilter@7227e0f3, org.springframework.security.web.header.HeaderWriterFilter@42500243, org.springframework.web.filter.CorsFilter@3d4b4744, org.springframework.security.web.authentication.logout.LogoutFilter@5aa0b2b1, dev.antozy.questapp.security.JwtAuthenticationFilter@4a1430ad, org.springframework.security.web.savedrequest.RequestCacheAwareFilter@34e109ba, org.springframework.security.web.servletapi.SecurityContextHolderAwareRequestFilter@9374bc1, org.springframework.security.web.authentication.AnonymousAuthenticationFilter@22c52559, org.springframework.security.web.session.SessionManagementFilter@10d94d12, org.springframework.security.web.access.ExceptionTranslationFilter@c93e383, org.springframework.security.web.access.intercept.FilterSecurityInterceptor@fac1a8f]
2023-08-05 23:58:21.152  WARN 14756 --- [restartedMain] JpaBaseConfiguration$JpaWebConfiguration : spring.jpa.open-in-view is enabled by default. Therefore, database queries may be performed during view rendering. Explicitly configure spring.jpa.open-in-view to disable this warning
2023-08-05 23:58:21.525  INFO 14756 --- [restartedMain] o.s.b.d.a.OptionalLiveReloadServer       : LiveReload server is running on port 35729
2023-08-05 23:58:21.566  INFO 14756 --- [restartedMain] o.s.b.w.embedded.tomcat.TomcatWebServer  : Tomcat started on port(s): 8080 (http) with context path '/quest-app'
2023-08-05 23:58:21.581  INFO 14756 --- [restartedMain] dev.antozy.questapp.QuestappApplication  : Started QuestappApplication in 5.023 seconds (JVM running for 6.176)
2023-08-05 23:58:21.584  INFO 14756 --- [restartedMain] dev.antozy.questapp.QuestappApplication  : QuestApp Application is finished.
2023-08-05 23:58:40.878  INFO 14756 --- [http-nio-8080-exec-1] o.a.c.c.C.[.[localhost].[/quest-app]     : Initializing Spring DispatcherServlet 'dispatcherServlet'
2023-08-05 23:58:40.883  INFO 14756 --- [http-nio-8080-exec-1] o.s.web.servlet.DispatcherServlet        : Initializing Servlet 'dispatcherServlet'
2023-08-05 23:58:40.884  INFO 14756 --- [http-nio-8080-exec-1] o.s.web.servlet.DispatcherServlet        : Completed initialization in 1 ms
